------------------------------------------------------------------------------
                           GCC Code Coverage Report
Directory: .
------------------------------------------------------------------------------
File                                       Lines    Exec  Cover   Missing
------------------------------------------------------------------------------
main.c                                        76      65    85%   99-100,115-117,128,130,138,140,148,150
------------------------------------------------------------------------------
TOTAL                                         76      65    85%
------------------------------------------------------------------------------
